  [1m[36m (4.5ms)[0m  [1mCREATE TABLE "schema_migrations" ("version" varchar NOT NULL) [0m
  [1m[35m (0.1ms)[0m  select sqlite_version(*)
  [1m[36m (4.3ms)[0m  [1mCREATE UNIQUE INDEX "unique_schema_migrations" ON "schema_migrations" ("version")[0m
  [1m[35mActiveRecord::SchemaMigration Load (0.1ms)[0m  SELECT "schema_migrations".* FROM "schema_migrations"
Migrating to CreateMovies (20111119180638)
  [1m[36m (0.0ms)[0m  [1mbegin transaction[0m
DEPRECATION WARNING: `#timestamps` was called without specifying an option for `null`. In Rails 5, this behavior will change to `null: false`. You should manually specify `null: true` to prevent the behavior of your existing migrations from changing. (called from block in up at /home/ec2-user/environment/hw-acceptance-unit-test-cycle/rottenpotatoes/db/migrate/20111119180638_create_movies.rb:10)
  [1m[35m (0.2ms)[0m  CREATE TABLE "movies" ("id" INTEGER PRIMARY KEY AUTOINCREMENT NOT NULL, "title" varchar, "rating" varchar, "description" text, "release_date" datetime, "created_at" datetime, "updated_at" datetime) 
  [1m[36mSQL (0.1ms)[0m  [1mINSERT INTO "schema_migrations" ("version") VALUES (?)[0m  [["version", "20111119180638"]]
  [1m[35m (4.4ms)[0m  commit transaction
  [1m[36mActiveRecord::SchemaMigration Load (0.1ms)[0m  [1mSELECT "schema_migrations".* FROM "schema_migrations"[0m
  [1m[36m (6.1ms)[0m  [1mCREATE TABLE "movies" ("id" INTEGER PRIMARY KEY AUTOINCREMENT NOT NULL, "title" varchar, "rating" varchar, "description" text, "release_date" datetime, "created_at" datetime, "updated_at" datetime) [0m
  [1m[35m (5.3ms)[0m  CREATE TABLE "schema_migrations" ("version" varchar NOT NULL) 
  [1m[36m (0.1ms)[0m  [1mselect sqlite_version(*)[0m
  [1m[35m (5.0ms)[0m  CREATE UNIQUE INDEX "unique_schema_migrations" ON "schema_migrations" ("version")
  [1m[36m (0.1ms)[0m  [1mSELECT version FROM "schema_migrations"[0m
  [1m[35m (5.4ms)[0m  INSERT INTO "schema_migrations" (version) VALUES ('20111119180638')
  [1m[36mActiveRecord::SchemaMigration Load (0.1ms)[0m  [1mSELECT "schema_migrations".* FROM "schema_migrations"[0m
Migrating to AddDirectorToMovies (20200310084856)
  [1m[35m (0.1ms)[0m  begin transaction
  [1m[36m (0.4ms)[0m  [1mALTER TABLE "movies" ADD "director" varchar[0m
  [1m[35mSQL (0.1ms)[0m  INSERT INTO "schema_migrations" ("version") VALUES (?)  [["version", "20200310084856"]]
  [1m[36m (5.3ms)[0m  [1mcommit transaction[0m
  [1m[35mActiveRecord::SchemaMigration Load (0.1ms)[0m  SELECT "schema_migrations".* FROM "schema_migrations"
  [1m[36m (4.2ms)[0m  [1mCREATE TABLE "movies" ("id" INTEGER PRIMARY KEY AUTOINCREMENT NOT NULL, "title" varchar, "rating" varchar, "description" text, "release_date" datetime, "created_at" datetime, "updated_at" datetime, "director" varchar) [0m
  [1m[35m (5.1ms)[0m  CREATE TABLE "schema_migrations" ("version" varchar NOT NULL) 
  [1m[36m (0.1ms)[0m  [1mselect sqlite_version(*)[0m
  [1m[35m (4.5ms)[0m  CREATE UNIQUE INDEX "unique_schema_migrations" ON "schema_migrations" ("version")
  [1m[36m (0.1ms)[0m  [1mSELECT version FROM "schema_migrations"[0m
  [1m[35m (4.2ms)[0m  INSERT INTO "schema_migrations" (version) VALUES ('20200310084856')
  [1m[36m (4.1ms)[0m  [1mINSERT INTO "schema_migrations" (version) VALUES ('20111119180638')[0m


Started GET "/" for 173.219.167.170 at 2020-03-10 09:32:42 +0000


Started GET "/movies" for 173.219.167.170 at 2020-03-10 09:32:42 +0000
Processing by MoviesController#index as HTML
  [1m[36mMovie Load (0.1ms)[0m  [1mSELECT "movies".* FROM "movies" WHERE "movies"."rating" IN ('G', 'PG', 'PG-13', 'NC-17', 'R')[0m
  Rendered movies/index.html.haml within layouts/application (24.9ms)
Completed 200 OK in 321ms (Views: 279.2ms | ActiveRecord: 2.0ms)


Started GET "/assets/jquery_ujs.self-e87806d0cf4489aeb1bb7288016024e8de67fd18db693fe026fe3907581e53cd.js?body=1" for 173.219.167.170 at 2020-03-10 09:32:43 +0000


Started GET "/assets/jquery.self-660adc51e0224b731d29f575a6f1ec167ba08ad06ed5deca4f1e8654c135bf4c.js?body=1" for 173.219.167.170 at 2020-03-10 09:32:43 +0000


Started GET "/assets/application.self-e80e8f2318043e8af94dddc2adad5a4f09739a8ebb323b3ab31cd71d45fd9113.css?body=1" for 173.219.167.170 at 2020-03-10 09:32:43 +0000


Started GET "/assets/application.self-ac4347b135ab8935f2dd20089f2acc8bec1d6b2ad528a80fcb03cd445dbd4d27.js?body=1" for 173.219.167.170 at 2020-03-10 09:32:43 +0000


Started GET "/movies/new" for 173.219.167.170 at 2020-03-10 09:32:50 +0000
Processing by MoviesController#new as HTML
  Rendered movies/new.html.haml within layouts/application (15.3ms)
Completed 200 OK in 23ms (Views: 22.5ms | ActiveRecord: 0.0ms)


Started POST "/movies" for 173.219.167.170 at 2020-03-10 09:33:14 +0000
Processing by MoviesController#create as HTML
  Parameters: {"utf8"=>"✓", "authenticity_token"=>"7GPNoSeh++D25Ja+oiTwNXeLS+nhy9TmhXqLSzb+3jz3sZiBNA4dcZfCTs6cJWHUffBaZTZp6/k/GcU6oZWZQw==", "movie"=>{"title"=>"Test1", "rating"=>"G", "release_date(1i)"=>"2020", "release_date(2i)"=>"3", "release_date(3i)"=>"10", "director"=>"abc"}, "commit"=>"Save Changes"}
  [1m[35m (0.1ms)[0m  begin transaction
  [1m[36mSQL (0.2ms)[0m  [1mINSERT INTO "movies" ("title", "rating", "director", "release_date", "created_at", "updated_at") VALUES (?, ?, ?, ?, ?, ?)[0m  [["title", "Test1"], ["rating", "G"], ["director", "abc"], ["release_date", "2020-03-10 00:00:00.000000"], ["created_at", "2020-03-10 09:33:14.975889"], ["updated_at", "2020-03-10 09:33:14.975889"]]
  [1m[35m (4.2ms)[0m  commit transaction
Redirected to https://c8e7ed02afa54470897ee4bcb6bb81b2.vfs.cloud9.us-east-2.amazonaws.com/movies
Completed 302 Found in 19ms (ActiveRecord: 4.6ms)


Started GET "/movies" for 173.219.167.170 at 2020-03-10 09:33:15 +0000
Processing by MoviesController#index as HTML
  [1m[36mMovie Load (0.2ms)[0m  [1mSELECT "movies".* FROM "movies" WHERE "movies"."rating" IN ('G', 'PG', 'PG-13', 'NC-17', 'R')[0m
  Rendered movies/index.html.haml within layouts/application (3.0ms)
Completed 200 OK in 11ms (Views: 9.7ms | ActiveRecord: 0.2ms)


Started GET "/movies/new" for 173.219.167.170 at 2020-03-10 09:33:22 +0000
Processing by MoviesController#new as HTML
  Rendered movies/new.html.haml within layouts/application (2.4ms)
Completed 200 OK in 9ms (Views: 9.2ms | ActiveRecord: 0.0ms)


Started POST "/movies" for 173.219.167.170 at 2020-03-10 09:33:37 +0000
Processing by MoviesController#create as HTML
  Parameters: {"utf8"=>"✓", "authenticity_token"=>"ngmxjah3CTfabd8a7u4Aa0+N/IWWu/hnxcvjFDKj+JuF2+Stu9jvprtLB2rQ75GKRfbtCUEZx3h/qK1lpci/5A==", "movie"=>{"title"=>"Test2", "rating"=>"G", "release_date(1i)"=>"2020", "release_date(2i)"=>"3", "release_date(3i)"=>"4", "director"=>"xyz"}, "commit"=>"Save Changes"}
  [1m[35m (0.1ms)[0m  begin transaction
  [1m[36mSQL (0.2ms)[0m  [1mINSERT INTO "movies" ("title", "rating", "director", "release_date", "created_at", "updated_at") VALUES (?, ?, ?, ?, ?, ?)[0m  [["title", "Test2"], ["rating", "G"], ["director", "xyz"], ["release_date", "2020-03-04 00:00:00.000000"], ["created_at", "2020-03-10 09:33:37.293509"], ["updated_at", "2020-03-10 09:33:37.293509"]]
  [1m[35m (4.1ms)[0m  commit transaction
Redirected to https://c8e7ed02afa54470897ee4bcb6bb81b2.vfs.cloud9.us-east-2.amazonaws.com/movies
Completed 302 Found in 7ms (ActiveRecord: 4.3ms)


Started GET "/movies" for 173.219.167.170 at 2020-03-10 09:33:37 +0000
Processing by MoviesController#index as HTML
  [1m[36mMovie Load (0.2ms)[0m  [1mSELECT "movies".* FROM "movies" WHERE "movies"."rating" IN ('G', 'PG', 'PG-13', 'NC-17', 'R')[0m
  Rendered movies/index.html.haml within layouts/application (2.4ms)
Completed 200 OK in 10ms (Views: 9.1ms | ActiveRecord: 0.2ms)


Started GET "/movies/new" for 173.219.167.170 at 2020-03-10 09:33:39 +0000
Processing by MoviesController#new as HTML
  Rendered movies/new.html.haml within layouts/application (2.4ms)
Completed 200 OK in 11ms (Views: 10.4ms | ActiveRecord: 0.0ms)


Started POST "/movies" for 173.219.167.170 at 2020-03-10 09:33:54 +0000
Processing by MoviesController#create as HTML
  Parameters: {"utf8"=>"✓", "authenticity_token"=>"uIok/F45Y3KX5Cyi9UGxkQEgB3TCBaFzDvm7krgqL0WjWHHcTZaF4/bC9NLLQCBwC1sW+BWnnmy0mvXjL0FoOg==", "movie"=>{"title"=>"Test3", "rating"=>"G", "release_date(1i)"=>"2020", "release_date(2i)"=>"1", "release_date(3i)"=>"10", "director"=>"abc"}, "commit"=>"Save Changes"}
  [1m[35m (0.1ms)[0m  begin transaction
  [1m[36mSQL (0.2ms)[0m  [1mINSERT INTO "movies" ("title", "rating", "director", "release_date", "created_at", "updated_at") VALUES (?, ?, ?, ?, ?, ?)[0m  [["title", "Test3"], ["rating", "G"], ["director", "abc"], ["release_date", "2020-01-10 00:00:00.000000"], ["created_at", "2020-03-10 09:33:54.914483"], ["updated_at", "2020-03-10 09:33:54.914483"]]
  [1m[35m (4.0ms)[0m  commit transaction
Redirected to https://c8e7ed02afa54470897ee4bcb6bb81b2.vfs.cloud9.us-east-2.amazonaws.com/movies
Completed 302 Found in 8ms (ActiveRecord: 4.2ms)


Started GET "/movies" for 173.219.167.170 at 2020-03-10 09:33:54 +0000
Processing by MoviesController#index as HTML
  [1m[36mMovie Load (0.2ms)[0m  [1mSELECT "movies".* FROM "movies" WHERE "movies"."rating" IN ('G', 'PG', 'PG-13', 'NC-17', 'R')[0m
  Rendered movies/index.html.haml within layouts/application (3.0ms)
Completed 200 OK in 26ms (Views: 25.3ms | ActiveRecord: 0.2ms)


Started GET "/movies/1" for 173.219.167.170 at 2020-03-10 09:33:58 +0000
Processing by MoviesController#show as HTML
  Parameters: {"id"=>"1"}
  [1m[35mMovie Load (0.2ms)[0m  SELECT  "movies".* FROM "movies" WHERE "movies"."id" = ? LIMIT 1  [["id", 1]]
  Rendered movies/show.html.haml within layouts/application (2.8ms)
Completed 200 OK in 14ms (Views: 11.1ms | ActiveRecord: 0.2ms)


Started GET "/movies/1/same_director" for 173.219.167.170 at 2020-03-10 09:34:02 +0000
Processing by MoviesController#same_director as HTML
  Parameters: {"id"=>"1"}
  [1m[36mMovie Load (0.1ms)[0m  [1mSELECT  "movies".* FROM "movies" WHERE "movies"."id" = ? LIMIT 1[0m  [["id", 1]]
  Rendered movies/same_director.html.haml within layouts/application (5.4ms)
Completed 500 Internal Server Error in 8ms (ActiveRecord: 0.1ms)

ActionView::Template::Error (undefined method `each' for nil:NilClass):
    10:       %th Director
    11:       %th More Info
    12:   %tbody
    13:     - @movies.each do |movie|
    14:       %tr
    15:         %td= movie.title 
    16:         %td= movie.rating
  app/views/movies/same_director.html.haml:13:in `_app_views_movies_same_director_html_haml___1986760029093390759_70005317792580'


  Rendered /home/ec2-user/.rvm/gems/ruby-2.4.0/gems/actionpack-4.2.10/lib/action_dispatch/middleware/templates/rescues/_source.erb (10.9ms)
  Rendered /home/ec2-user/.rvm/gems/ruby-2.4.0/gems/actionpack-4.2.10/lib/action_dispatch/middleware/templates/rescues/_trace.html.erb (4.9ms)
  Rendered /home/ec2-user/.rvm/gems/ruby-2.4.0/gems/actionpack-4.2.10/lib/action_dispatch/middleware/templates/rescues/_request_and_response.html.erb (2.2ms)
  Rendered /home/ec2-user/.rvm/gems/ruby-2.4.0/gems/actionpack-4.2.10/lib/action_dispatch/middleware/templates/rescues/template_error.html.erb within rescues/layout (33.9ms)


Started GET "/" for 173.219.167.170 at 2020-03-10 09:37:43 +0000


Started GET "/movies" for 173.219.167.170 at 2020-03-10 09:37:43 +0000
Processing by MoviesController#index as HTML
  [1m[36mMovie Load (0.1ms)[0m  [1mSELECT "movies".* FROM "movies" WHERE "movies"."rating" IN ('G', 'PG', 'PG-13', 'NC-17', 'R')[0m
  Rendered movies/index.html.haml within layouts/application (26.2ms)
Completed 200 OK in 202ms (Views: 170.7ms | ActiveRecord: 1.3ms)


Started GET "/movies/1" for 173.219.167.170 at 2020-03-10 09:37:46 +0000
Processing by MoviesController#show as HTML
  Parameters: {"id"=>"1"}
  [1m[35mMovie Load (0.2ms)[0m  SELECT  "movies".* FROM "movies" WHERE "movies"."id" = ? LIMIT 1  [["id", 1]]
  Rendered movies/show.html.haml within layouts/application (2.5ms)
Completed 200 OK in 11ms (Views: 9.4ms | ActiveRecord: 0.2ms)


Started GET "/movies/1/same_director" for 173.219.167.170 at 2020-03-10 09:37:47 +0000
Processing by MoviesController#same_director as HTML
  Parameters: {"id"=>"1"}
  [1m[36mMovie Load (0.1ms)[0m  [1mSELECT  "movies".* FROM "movies" WHERE "movies"."id" = ? LIMIT 1[0m  [["id", 1]]
  [1m[35mMovie Load (0.2ms)[0m  SELECT "movies".* FROM "movies" WHERE "movies"."director" = ?  [["director", "abc"]]
  Rendered movies/same_director.html.haml within layouts/application (3.5ms)
Completed 200 OK in 12ms (Views: 10.3ms | ActiveRecord: 0.2ms)


Started GET "/movies?sort=title" for 173.219.167.170 at 2020-03-10 09:37:54 +0000
Processing by MoviesController#index as HTML
  Parameters: {"sort"=>"title"}
Redirected to https://c8e7ed02afa54470897ee4bcb6bb81b2.vfs.cloud9.us-east-2.amazonaws.com/movies?ratings%5BG%5D=G&ratings%5BNC-17%5D=NC-17&ratings%5BPG%5D=PG&ratings%5BPG-13%5D=PG-13&ratings%5BR%5D=R&sort=title
Completed 302 Found in 1ms (ActiveRecord: 0.0ms)


Started GET "/movies?ratings%5BG%5D=G&ratings%5BNC-17%5D=NC-17&ratings%5BPG%5D=PG&ratings%5BPG-13%5D=PG-13&ratings%5BR%5D=R&sort=title" for 173.219.167.170 at 2020-03-10 09:37:54 +0000
Processing by MoviesController#index as HTML
  Parameters: {"ratings"=>{"G"=>"G", "NC-17"=>"NC-17", "PG"=>"PG", "PG-13"=>"PG-13", "R"=>"R"}, "sort"=>"title"}
  [1m[36mMovie Load (0.2ms)[0m  [1mSELECT "movies".* FROM "movies" WHERE "movies"."rating" IN ('G', 'NC-17', 'PG', 'PG-13', 'R')  ORDER BY "movies"."title" ASC[0m
  Rendered movies/index.html.haml within layouts/application (2.6ms)
Completed 200 OK in 10ms (Views: 9.2ms | ActiveRecord: 0.2ms)


Started GET "/movies/2" for 173.219.167.170 at 2020-03-10 09:37:58 +0000
Processing by MoviesController#show as HTML
  Parameters: {"id"=>"2"}
  [1m[35mMovie Load (0.1ms)[0m  SELECT  "movies".* FROM "movies" WHERE "movies"."id" = ? LIMIT 1  [["id", 2]]
  Rendered movies/show.html.haml within layouts/application (1.0ms)
Completed 200 OK in 9ms (Views: 8.0ms | ActiveRecord: 0.1ms)


Started GET "/movies/2/same_director" for 173.219.167.170 at 2020-03-10 09:38:00 +0000
Processing by MoviesController#same_director as HTML
  Parameters: {"id"=>"2"}
  [1m[36mMovie Load (0.1ms)[0m  [1mSELECT  "movies".* FROM "movies" WHERE "movies"."id" = ? LIMIT 1[0m  [["id", 2]]
  [1m[35mMovie Load (0.1ms)[0m  SELECT "movies".* FROM "movies" WHERE "movies"."director" = ?  [["director", "xyz"]]
  Rendered movies/same_director.html.haml within layouts/application (1.4ms)
Completed 200 OK in 24ms (Views: 23.1ms | ActiveRecord: 0.2ms)


Started GET "/movies" for 173.219.167.170 at 2020-03-10 09:38:09 +0000
Processing by MoviesController#index as HTML
Redirected to https://c8e7ed02afa54470897ee4bcb6bb81b2.vfs.cloud9.us-east-2.amazonaws.com/movies?ratings%5BG%5D=G&ratings%5BNC-17%5D=NC-17&ratings%5BPG%5D=PG&ratings%5BPG-13%5D=PG-13&ratings%5BR%5D=R&sort=title
Completed 302 Found in 1ms (ActiveRecord: 0.0ms)


Started GET "/movies?ratings%5BG%5D=G&ratings%5BNC-17%5D=NC-17&ratings%5BPG%5D=PG&ratings%5BPG-13%5D=PG-13&ratings%5BR%5D=R&sort=title" for 173.219.167.170 at 2020-03-10 09:38:09 +0000
Processing by MoviesController#index as HTML
  Parameters: {"ratings"=>{"G"=>"G", "NC-17"=>"NC-17", "PG"=>"PG", "PG-13"=>"PG-13", "R"=>"R"}, "sort"=>"title"}
  [1m[36mMovie Load (0.2ms)[0m  [1mSELECT "movies".* FROM "movies" WHERE "movies"."rating" IN ('G', 'NC-17', 'PG', 'PG-13', 'R')  ORDER BY "movies"."title" ASC[0m
  Rendered movies/index.html.haml within layouts/application (2.9ms)
Completed 200 OK in 11ms (Views: 10.0ms | ActiveRecord: 0.2ms)


Started GET "/movies/new" for 173.219.167.170 at 2020-03-10 09:38:12 +0000
Processing by MoviesController#new as HTML
  Rendered movies/new.html.haml within layouts/application (9.6ms)
Completed 200 OK in 17ms (Views: 17.3ms | ActiveRecord: 0.0ms)


Started POST "/movies" for 173.219.167.170 at 2020-03-10 09:38:21 +0000
Processing by MoviesController#create as HTML
  Parameters: {"utf8"=>"✓", "authenticity_token"=>"acR6U1T/pASd8vs6rGoTc2tVxscPLijaReYtBNqX72FyFi9zR1BClfzUI0qSa4KSYS7XS9iMF8X/hWN1TfyoHg==", "movie"=>{"title"=>"Test4", "rating"=>"G", "release_date(1i)"=>"2018", "release_date(2i)"=>"3", "release_date(3i)"=>"10", "director"=>""}, "commit"=>"Save Changes"}
  [1m[35m (0.1ms)[0m  begin transaction
  [1m[36mSQL (0.2ms)[0m  [1mINSERT INTO "movies" ("title", "rating", "director", "release_date", "created_at", "updated_at") VALUES (?, ?, ?, ?, ?, ?)[0m  [["title", "Test4"], ["rating", "G"], ["director", ""], ["release_date", "2018-03-10 00:00:00.000000"], ["created_at", "2020-03-10 09:38:21.270851"], ["updated_at", "2020-03-10 09:38:21.270851"]]
  [1m[35m (3.9ms)[0m  commit transaction
Redirected to https://c8e7ed02afa54470897ee4bcb6bb81b2.vfs.cloud9.us-east-2.amazonaws.com/movies
Completed 302 Found in 10ms (ActiveRecord: 4.2ms)


Started GET "/movies" for 173.219.167.170 at 2020-03-10 09:38:21 +0000
Processing by MoviesController#index as HTML
Redirected to https://c8e7ed02afa54470897ee4bcb6bb81b2.vfs.cloud9.us-east-2.amazonaws.com/movies?ratings%5BG%5D=G&ratings%5BNC-17%5D=NC-17&ratings%5BPG%5D=PG&ratings%5BPG-13%5D=PG-13&ratings%5BR%5D=R&sort=title
Completed 302 Found in 1ms (ActiveRecord: 0.0ms)


Started GET "/movies?ratings%5BG%5D=G&ratings%5BNC-17%5D=NC-17&ratings%5BPG%5D=PG&ratings%5BPG-13%5D=PG-13&ratings%5BR%5D=R&sort=title" for 173.219.167.170 at 2020-03-10 09:38:21 +0000
Processing by MoviesController#index as HTML
  Parameters: {"ratings"=>{"G"=>"G", "NC-17"=>"NC-17", "PG"=>"PG", "PG-13"=>"PG-13", "R"=>"R"}, "sort"=>"title"}
  [1m[36mMovie Load (0.2ms)[0m  [1mSELECT "movies".* FROM "movies" WHERE "movies"."rating" IN ('G', 'NC-17', 'PG', 'PG-13', 'R')  ORDER BY "movies"."title" ASC[0m
  Rendered movies/index.html.haml within layouts/application (3.2ms)
Completed 200 OK in 12ms (Views: 11.3ms | ActiveRecord: 0.2ms)


Started GET "/movies/4" for 173.219.167.170 at 2020-03-10 09:38:23 +0000
Processing by MoviesController#show as HTML
  Parameters: {"id"=>"4"}
  [1m[35mMovie Load (0.1ms)[0m  SELECT  "movies".* FROM "movies" WHERE "movies"."id" = ? LIMIT 1  [["id", 4]]
  Rendered movies/show.html.haml within layouts/application (1.2ms)
Completed 200 OK in 18ms (Views: 17.4ms | ActiveRecord: 0.1ms)


Started GET "/movies/4/same_director" for 173.219.167.170 at 2020-03-10 09:38:25 +0000
Processing by MoviesController#same_director as HTML
  Parameters: {"id"=>"4"}
  [1m[36mMovie Load (0.1ms)[0m  [1mSELECT  "movies".* FROM "movies" WHERE "movies"."id" = ? LIMIT 1[0m  [["id", 4]]
Redirected to https://c8e7ed02afa54470897ee4bcb6bb81b2.vfs.cloud9.us-east-2.amazonaws.com/movies
Completed 302 Found in 2ms (ActiveRecord: 0.1ms)


Started GET "/movies" for 173.219.167.170 at 2020-03-10 09:38:25 +0000
Processing by MoviesController#index as HTML
Redirected to https://c8e7ed02afa54470897ee4bcb6bb81b2.vfs.cloud9.us-east-2.amazonaws.com/movies?ratings%5BG%5D=G&ratings%5BNC-17%5D=NC-17&ratings%5BPG%5D=PG&ratings%5BPG-13%5D=PG-13&ratings%5BR%5D=R&sort=title
Completed 302 Found in 2ms (ActiveRecord: 0.0ms)


Started GET "/movies?ratings%5BG%5D=G&ratings%5BNC-17%5D=NC-17&ratings%5BPG%5D=PG&ratings%5BPG-13%5D=PG-13&ratings%5BR%5D=R&sort=title" for 173.219.167.170 at 2020-03-10 09:38:25 +0000
Processing by MoviesController#index as HTML
  Parameters: {"ratings"=>{"G"=>"G", "NC-17"=>"NC-17", "PG"=>"PG", "PG-13"=>"PG-13", "R"=>"R"}, "sort"=>"title"}
  [1m[35mMovie Load (0.2ms)[0m  SELECT "movies".* FROM "movies" WHERE "movies"."rating" IN ('G', 'NC-17', 'PG', 'PG-13', 'R')  ORDER BY "movies"."title" ASC
  Rendered movies/index.html.haml within layouts/application (4.6ms)
Completed 200 OK in 17ms (Views: 15.5ms | ActiveRecord: 0.2ms)


Started GET "/" for 173.219.167.170 at 2020-03-10 09:42:27 +0000


Started GET "/movies" for 173.219.167.170 at 2020-03-10 09:42:27 +0000
Processing by MoviesController#index as HTML
Redirected to https://c8e7ed02afa54470897ee4bcb6bb81b2.vfs.cloud9.us-east-2.amazonaws.com/movies?ratings%5BG%5D=G&ratings%5BNC-17%5D=NC-17&ratings%5BPG%5D=PG&ratings%5BPG-13%5D=PG-13&ratings%5BR%5D=R&sort=title
Completed 302 Found in 42ms (ActiveRecord: 0.0ms)


Started GET "/movies?ratings%5BG%5D=G&ratings%5BNC-17%5D=NC-17&ratings%5BPG%5D=PG&ratings%5BPG-13%5D=PG-13&ratings%5BR%5D=R&sort=title" for 173.219.167.170 at 2020-03-10 09:42:28 +0000
Processing by MoviesController#index as HTML
  Parameters: {"ratings"=>{"G"=>"G", "NC-17"=>"NC-17", "PG"=>"PG", "PG-13"=>"PG-13", "R"=>"R"}, "sort"=>"title"}
  [1m[36mMovie Load (0.2ms)[0m  [1mSELECT "movies".* FROM "movies" WHERE "movies"."rating" IN ('G', 'NC-17', 'PG', 'PG-13', 'R')  ORDER BY "movies"."title" ASC[0m
  Rendered movies/index.html.haml within layouts/application (23.2ms)
Completed 200 OK in 163ms (Views: 157.0ms | ActiveRecord: 1.4ms)


Started GET "/movies/4" for 173.219.167.170 at 2020-03-10 09:42:31 +0000
Processing by MoviesController#show as HTML
  Parameters: {"id"=>"4"}
  [1m[35mMovie Load (0.2ms)[0m  SELECT  "movies".* FROM "movies" WHERE "movies"."id" = ? LIMIT 1  [["id", 4]]
  Rendered movies/show.html.haml within layouts/application (2.6ms)
Completed 200 OK in 12ms (Views: 9.4ms | ActiveRecord: 0.2ms)


Started GET "/movies/4/same_director" for 173.219.167.170 at 2020-03-10 09:42:32 +0000
Processing by MoviesController#same_director as HTML
  Parameters: {"id"=>"4"}
  [1m[36mMovie Load (0.1ms)[0m  [1mSELECT  "movies".* FROM "movies" WHERE "movies"."id" = ? LIMIT 1[0m  [["id", 4]]
Redirected to https://c8e7ed02afa54470897ee4bcb6bb81b2.vfs.cloud9.us-east-2.amazonaws.com/movies
Completed 302 Found in 2ms (ActiveRecord: 0.1ms)


Started GET "/movies" for 173.219.167.170 at 2020-03-10 09:42:32 +0000
Processing by MoviesController#index as HTML
Redirected to https://c8e7ed02afa54470897ee4bcb6bb81b2.vfs.cloud9.us-east-2.amazonaws.com/movies?ratings%5BG%5D=G&ratings%5BNC-17%5D=NC-17&ratings%5BPG%5D=PG&ratings%5BPG-13%5D=PG-13&ratings%5BR%5D=R&sort=title
Completed 302 Found in 1ms (ActiveRecord: 0.0ms)


Started GET "/movies?ratings%5BG%5D=G&ratings%5BNC-17%5D=NC-17&ratings%5BPG%5D=PG&ratings%5BPG-13%5D=PG-13&ratings%5BR%5D=R&sort=title" for 173.219.167.170 at 2020-03-10 09:42:32 +0000
Processing by MoviesController#index as HTML
  Parameters: {"ratings"=>{"G"=>"G", "NC-17"=>"NC-17", "PG"=>"PG", "PG-13"=>"PG-13", "R"=>"R"}, "sort"=>"title"}
  [1m[35mMovie Load (0.2ms)[0m  SELECT "movies".* FROM "movies" WHERE "movies"."rating" IN ('G', 'NC-17', 'PG', 'PG-13', 'R')  ORDER BY "movies"."title" ASC
  Rendered movies/index.html.haml within layouts/application (2.7ms)
Completed 200 OK in 10ms (Views: 9.4ms | ActiveRecord: 0.2ms)


Started GET "/movies/3" for 173.219.167.170 at 2020-03-10 09:42:36 +0000
Processing by MoviesController#show as HTML
  Parameters: {"id"=>"3"}
  [1m[36mMovie Load (0.1ms)[0m  [1mSELECT  "movies".* FROM "movies" WHERE "movies"."id" = ? LIMIT 1[0m  [["id", 3]]
  Rendered movies/show.html.haml within layouts/application (1.0ms)
Completed 200 OK in 9ms (Views: 7.9ms | ActiveRecord: 0.1ms)


Started GET "/movies" for 173.219.167.170 at 2020-03-10 09:42:38 +0000
Processing by MoviesController#index as HTML
Redirected to https://c8e7ed02afa54470897ee4bcb6bb81b2.vfs.cloud9.us-east-2.amazonaws.com/movies?ratings%5BG%5D=G&ratings%5BNC-17%5D=NC-17&ratings%5BPG%5D=PG&ratings%5BPG-13%5D=PG-13&ratings%5BR%5D=R&sort=title
Completed 302 Found in 1ms (ActiveRecord: 0.0ms)


Started GET "/movies?ratings%5BG%5D=G&ratings%5BNC-17%5D=NC-17&ratings%5BPG%5D=PG&ratings%5BPG-13%5D=PG-13&ratings%5BR%5D=R&sort=title" for 173.219.167.170 at 2020-03-10 09:42:38 +0000
Processing by MoviesController#index as HTML
  Parameters: {"ratings"=>{"G"=>"G", "NC-17"=>"NC-17", "PG"=>"PG", "PG-13"=>"PG-13", "R"=>"R"}, "sort"=>"title"}
  [1m[35mMovie Load (0.2ms)[0m  SELECT "movies".* FROM "movies" WHERE "movies"."rating" IN ('G', 'NC-17', 'PG', 'PG-13', 'R')  ORDER BY "movies"."title" ASC
  Rendered movies/index.html.haml within layouts/application (2.8ms)
Completed 200 OK in 10ms (Views: 9.3ms | ActiveRecord: 0.2ms)


Started GET "/movies/3" for 173.219.167.170 at 2020-03-10 09:42:40 +0000
Processing by MoviesController#show as HTML
  Parameters: {"id"=>"3"}
  [1m[36mMovie Load (0.1ms)[0m  [1mSELECT  "movies".* FROM "movies" WHERE "movies"."id" = ? LIMIT 1[0m  [["id", 3]]
  Rendered movies/show.html.haml within layouts/application (1.0ms)
Completed 200 OK in 9ms (Views: 7.7ms | ActiveRecord: 0.1ms)


Started GET "/movies/3/edit" for 173.219.167.170 at 2020-03-10 09:42:42 +0000
Processing by MoviesController#edit as HTML
  Parameters: {"id"=>"3"}
  [1m[35mMovie Load (0.1ms)[0m  SELECT  "movies".* FROM "movies" WHERE "movies"."id" = ? LIMIT 1  [["id", 3]]
  Rendered movies/edit.html.haml within layouts/application (9.8ms)
Completed 200 OK in 18ms (Views: 16.8ms | ActiveRecord: 0.1ms)


Started PUT "/movies/3" for 173.219.167.170 at 2020-03-10 09:42:46 +0000
Processing by MoviesController#update as HTML
  Parameters: {"utf8"=>"✓", "authenticity_token"=>"qUwXlZKFG30hwD9mNn3a7QP7NN3Hj4of6xHfTnYh8vuynkK1gSr97EDm5xYIfEsMCYAlURAttQBRcpE/4Uq1hA==", "movie"=>{"title"=>"Test3", "rating"=>"G", "release_date(1i)"=>"2020", "release_date(2i)"=>"1", "release_date(3i)"=>"10", "director"=>"xyz"}, "commit"=>"Update Movie Info", "id"=>"3"}
  [1m[36mMovie Load (0.1ms)[0m  [1mSELECT  "movies".* FROM "movies" WHERE "movies"."id" = ? LIMIT 1[0m  [["id", 3]]
  [1m[35m (0.1ms)[0m  begin transaction
  [1m[36mSQL (0.2ms)[0m  [1mUPDATE "movies" SET "director" = ?, "updated_at" = ? WHERE "movies"."id" = ?[0m  [["director", "xyz"], ["updated_at", "2020-03-10 09:42:46.189421"], ["id", 3]]
  [1m[35m (4.0ms)[0m  commit transaction
Redirected to https://c8e7ed02afa54470897ee4bcb6bb81b2.vfs.cloud9.us-east-2.amazonaws.com/movies/3
Completed 302 Found in 8ms (ActiveRecord: 4.4ms)


Started GET "/movies/3" for 173.219.167.170 at 2020-03-10 09:42:46 +0000
Processing by MoviesController#show as HTML
  Parameters: {"id"=>"3"}
  [1m[36mMovie Load (0.1ms)[0m  [1mSELECT  "movies".* FROM "movies" WHERE "movies"."id" = ? LIMIT 1[0m  [["id", 3]]
  Rendered movies/show.html.haml within layouts/application (1.1ms)
Completed 200 OK in 9ms (Views: 7.7ms | ActiveRecord: 0.1ms)


Started GET "/movies" for 173.219.167.170 at 2020-03-10 09:42:48 +0000
Processing by MoviesController#index as HTML
Redirected to https://c8e7ed02afa54470897ee4bcb6bb81b2.vfs.cloud9.us-east-2.amazonaws.com/movies?ratings%5BG%5D=G&ratings%5BNC-17%5D=NC-17&ratings%5BPG%5D=PG&ratings%5BPG-13%5D=PG-13&ratings%5BR%5D=R&sort=title
Completed 302 Found in 1ms (ActiveRecord: 0.0ms)


Started GET "/movies?ratings%5BG%5D=G&ratings%5BNC-17%5D=NC-17&ratings%5BPG%5D=PG&ratings%5BPG-13%5D=PG-13&ratings%5BR%5D=R&sort=title" for 173.219.167.170 at 2020-03-10 09:42:49 +0000
Processing by MoviesController#index as HTML
  Parameters: {"ratings"=>{"G"=>"G", "NC-17"=>"NC-17", "PG"=>"PG", "PG-13"=>"PG-13", "R"=>"R"}, "sort"=>"title"}
  [1m[35mMovie Load (0.2ms)[0m  SELECT "movies".* FROM "movies" WHERE "movies"."rating" IN ('G', 'NC-17', 'PG', 'PG-13', 'R')  ORDER BY "movies"."title" ASC
  Rendered movies/index.html.haml within layouts/application (2.7ms)
Completed 200 OK in 10ms (Views: 9.3ms | ActiveRecord: 0.2ms)


Started GET "/movies/2" for 173.219.167.170 at 2020-03-10 09:42:51 +0000
Processing by MoviesController#show as HTML
  Parameters: {"id"=>"2"}
  [1m[36mMovie Load (0.1ms)[0m  [1mSELECT  "movies".* FROM "movies" WHERE "movies"."id" = ? LIMIT 1[0m  [["id", 2]]
  Rendered movies/show.html.haml within layouts/application (1.0ms)
Completed 200 OK in 28ms (Views: 27.4ms | ActiveRecord: 0.1ms)


Started GET "/movies/2/same_director" for 173.219.167.170 at 2020-03-10 09:42:54 +0000
Processing by MoviesController#same_director as HTML
  Parameters: {"id"=>"2"}
  [1m[35mMovie Load (0.1ms)[0m  SELECT  "movies".* FROM "movies" WHERE "movies"."id" = ? LIMIT 1  [["id", 2]]
  [1m[36mMovie Load (0.1ms)[0m  [1mSELECT "movies".* FROM "movies" WHERE "movies"."director" = ?[0m  [["director", "xyz"]]
  Rendered movies/same_director.html.haml within layouts/application (4.0ms)
Completed 200 OK in 13ms (Views: 11.6ms | ActiveRecord: 0.2ms)


Started GET "/movies" for 173.219.167.170 at 2020-03-10 09:42:56 +0000
Processing by MoviesController#index as HTML
Redirected to https://c8e7ed02afa54470897ee4bcb6bb81b2.vfs.cloud9.us-east-2.amazonaws.com/movies?ratings%5BG%5D=G&ratings%5BNC-17%5D=NC-17&ratings%5BPG%5D=PG&ratings%5BPG-13%5D=PG-13&ratings%5BR%5D=R&sort=title
Completed 302 Found in 1ms (ActiveRecord: 0.0ms)


Started GET "/movies?ratings%5BG%5D=G&ratings%5BNC-17%5D=NC-17&ratings%5BPG%5D=PG&ratings%5BPG-13%5D=PG-13&ratings%5BR%5D=R&sort=title" for 173.219.167.170 at 2020-03-10 09:42:56 +0000
Processing by MoviesController#index as HTML
  Parameters: {"ratings"=>{"G"=>"G", "NC-17"=>"NC-17", "PG"=>"PG", "PG-13"=>"PG-13", "R"=>"R"}, "sort"=>"title"}
  [1m[35mMovie Load (0.2ms)[0m  SELECT "movies".* FROM "movies" WHERE "movies"."rating" IN ('G', 'NC-17', 'PG', 'PG-13', 'R')  ORDER BY "movies"."title" ASC
  Rendered movies/index.html.haml within layouts/application (2.9ms)
Completed 200 OK in 11ms (Views: 9.8ms | ActiveRecord: 0.2ms)


Started GET "/movies?ratings%5BG%5D=G&ratings%5BNC-17%5D=NC-17&ratings%5BPG%5D=PG&ratings%5BPG-13%5D=PG-13&ratings%5BR%5D=R&sort=release_date" for 173.219.167.170 at 2020-03-10 09:42:58 +0000
Processing by MoviesController#index as HTML
  Parameters: {"ratings"=>{"G"=>"G", "NC-17"=>"NC-17", "PG"=>"PG", "PG-13"=>"PG-13", "R"=>"R"}, "sort"=>"release_date"}
Redirected to https://c8e7ed02afa54470897ee4bcb6bb81b2.vfs.cloud9.us-east-2.amazonaws.com/movies?ratings%5BG%5D=G&ratings%5BNC-17%5D=NC-17&ratings%5BPG%5D=PG&ratings%5BPG-13%5D=PG-13&ratings%5BR%5D=R&sort=release_date
Completed 302 Found in 1ms (ActiveRecord: 0.0ms)


Started GET "/movies?ratings%5BG%5D=G&ratings%5BNC-17%5D=NC-17&ratings%5BPG%5D=PG&ratings%5BPG-13%5D=PG-13&ratings%5BR%5D=R&sort=release_date" for 173.219.167.170 at 2020-03-10 09:42:58 +0000
Processing by MoviesController#index as HTML
  Parameters: {"ratings"=>{"G"=>"G", "NC-17"=>"NC-17", "PG"=>"PG", "PG-13"=>"PG-13", "R"=>"R"}, "sort"=>"release_date"}
  [1m[36mMovie Load (0.2ms)[0m  [1mSELECT "movies".* FROM "movies" WHERE "movies"."rating" IN ('G', 'NC-17', 'PG', 'PG-13', 'R')  ORDER BY "movies"."release_date" ASC[0m
  Rendered movies/index.html.haml within layouts/application (3.3ms)
Completed 200 OK in 11ms (Views: 10.5ms | ActiveRecord: 0.2ms)


Started GET "/movies?ratings%5BG%5D=G&ratings%5BNC-17%5D=NC-17&ratings%5BPG%5D=PG&ratings%5BPG-13%5D=PG-13&ratings%5BR%5D=R&sort=title" for 173.219.167.170 at 2020-03-10 09:43:00 +0000
Processing by MoviesController#index as HTML
  Parameters: {"ratings"=>{"G"=>"G", "NC-17"=>"NC-17", "PG"=>"PG", "PG-13"=>"PG-13", "R"=>"R"}, "sort"=>"title"}
Redirected to https://c8e7ed02afa54470897ee4bcb6bb81b2.vfs.cloud9.us-east-2.amazonaws.com/movies?ratings%5BG%5D=G&ratings%5BNC-17%5D=NC-17&ratings%5BPG%5D=PG&ratings%5BPG-13%5D=PG-13&ratings%5BR%5D=R&sort=title
Completed 302 Found in 1ms (ActiveRecord: 0.0ms)


Started GET "/movies?ratings%5BG%5D=G&ratings%5BNC-17%5D=NC-17&ratings%5BPG%5D=PG&ratings%5BPG-13%5D=PG-13&ratings%5BR%5D=R&sort=title" for 173.219.167.170 at 2020-03-10 09:43:00 +0000
Processing by MoviesController#index as HTML
  Parameters: {"ratings"=>{"G"=>"G", "NC-17"=>"NC-17", "PG"=>"PG", "PG-13"=>"PG-13", "R"=>"R"}, "sort"=>"title"}
  [1m[35mMovie Load (0.2ms)[0m  SELECT "movies".* FROM "movies" WHERE "movies"."rating" IN ('G', 'NC-17', 'PG', 'PG-13', 'R')  ORDER BY "movies"."title" ASC
  Rendered movies/index.html.haml within layouts/application (2.9ms)
Completed 200 OK in 11ms (Views: 10.0ms | ActiveRecord: 0.2ms)


Started GET "/movies/4" for 173.219.167.170 at 2020-03-10 09:43:04 +0000
Processing by MoviesController#show as HTML
  Parameters: {"id"=>"4"}
  [1m[36mMovie Load (0.1ms)[0m  [1mSELECT  "movies".* FROM "movies" WHERE "movies"."id" = ? LIMIT 1[0m  [["id", 4]]
  Rendered movies/show.html.haml within layouts/application (1.1ms)
Completed 200 OK in 10ms (Views: 8.8ms | ActiveRecord: 0.1ms)


Started GET "/movies/4/same_director" for 173.219.167.170 at 2020-03-10 09:43:07 +0000
Processing by MoviesController#same_director as HTML
  Parameters: {"id"=>"4"}
  [1m[35mMovie Load (0.1ms)[0m  SELECT  "movies".* FROM "movies" WHERE "movies"."id" = ? LIMIT 1  [["id", 4]]
Redirected to https://c8e7ed02afa54470897ee4bcb6bb81b2.vfs.cloud9.us-east-2.amazonaws.com/movies
Completed 302 Found in 4ms (ActiveRecord: 0.1ms)


Started GET "/movies" for 173.219.167.170 at 2020-03-10 09:43:07 +0000
Processing by MoviesController#index as HTML
Redirected to https://c8e7ed02afa54470897ee4bcb6bb81b2.vfs.cloud9.us-east-2.amazonaws.com/movies?ratings%5BG%5D=G&ratings%5BNC-17%5D=NC-17&ratings%5BPG%5D=PG&ratings%5BPG-13%5D=PG-13&ratings%5BR%5D=R&sort=title
Completed 302 Found in 1ms (ActiveRecord: 0.0ms)


Started GET "/movies?ratings%5BG%5D=G&ratings%5BNC-17%5D=NC-17&ratings%5BPG%5D=PG&ratings%5BPG-13%5D=PG-13&ratings%5BR%5D=R&sort=title" for 173.219.167.170 at 2020-03-10 09:43:07 +0000
Processing by MoviesController#index as HTML
  Parameters: {"ratings"=>{"G"=>"G", "NC-17"=>"NC-17", "PG"=>"PG", "PG-13"=>"PG-13", "R"=>"R"}, "sort"=>"title"}
  [1m[36mMovie Load (0.2ms)[0m  [1mSELECT "movies".* FROM "movies" WHERE "movies"."rating" IN ('G', 'NC-17', 'PG', 'PG-13', 'R')  ORDER BY "movies"."title" ASC[0m
  Rendered movies/index.html.haml within layouts/application (3.1ms)
Completed 200 OK in 14ms (Views: 13.1ms | ActiveRecord: 0.2ms)


Started GET "/movies?utf8=%E2%9C%93&title_sort=true&ratings%5BPG%5D=1&ratings%5BPG-13%5D=1&commit=Refresh" for 173.219.167.170 at 2020-03-10 09:43:13 +0000
Processing by MoviesController#index as HTML
  Parameters: {"utf8"=>"✓", "title_sort"=>"true", "ratings"=>{"PG"=>"1", "PG-13"=>"1"}, "commit"=>"Refresh"}
Redirected to https://c8e7ed02afa54470897ee4bcb6bb81b2.vfs.cloud9.us-east-2.amazonaws.com/movies?ratings%5BPG%5D=1&ratings%5BPG-13%5D=1&sort=title
Completed 302 Found in 1ms (ActiveRecord: 0.0ms)


Started GET "/movies?ratings%5BPG%5D=1&ratings%5BPG-13%5D=1&sort=title" for 173.219.167.170 at 2020-03-10 09:43:14 +0000
Processing by MoviesController#index as HTML
  Parameters: {"ratings"=>{"PG"=>"1", "PG-13"=>"1"}, "sort"=>"title"}
  [1m[35mMovie Load (0.2ms)[0m  SELECT "movies".* FROM "movies" WHERE "movies"."rating" IN ('PG', 'PG-13')  ORDER BY "movies"."title" ASC
  Rendered movies/index.html.haml within layouts/application (2.6ms)
Completed 200 OK in 14ms (Views: 13.2ms | ActiveRecord: 0.2ms)


Started GET "/movies?utf8=%E2%9C%93&title_sort=true&ratings%5BG%5D=1&ratings%5BPG%5D=1&ratings%5BPG-13%5D=1&commit=Refresh" for 173.219.167.170 at 2020-03-10 09:43:16 +0000
Processing by MoviesController#index as HTML
  Parameters: {"utf8"=>"✓", "title_sort"=>"true", "ratings"=>{"G"=>"1", "PG"=>"1", "PG-13"=>"1"}, "commit"=>"Refresh"}
Redirected to https://c8e7ed02afa54470897ee4bcb6bb81b2.vfs.cloud9.us-east-2.amazonaws.com/movies?ratings%5BG%5D=1&ratings%5BPG%5D=1&ratings%5BPG-13%5D=1&sort=title
Completed 302 Found in 1ms (ActiveRecord: 0.0ms)


Started GET "/movies?ratings%5BG%5D=1&ratings%5BPG%5D=1&ratings%5BPG-13%5D=1&sort=title" for 173.219.167.170 at 2020-03-10 09:43:16 +0000
Processing by MoviesController#index as HTML
  Parameters: {"ratings"=>{"G"=>"1", "PG"=>"1", "PG-13"=>"1"}, "sort"=>"title"}
  [1m[36mMovie Load (0.2ms)[0m  [1mSELECT "movies".* FROM "movies" WHERE "movies"."rating" IN ('G', 'PG', 'PG-13')  ORDER BY "movies"."title" ASC[0m
  Rendered movies/index.html.haml within layouts/application (4.0ms)
Completed 200 OK in 14ms (Views: 13.1ms | ActiveRecord: 0.2ms)


Started GET "/movies?utf8=%E2%9C%93&title_sort=true&ratings%5BG%5D=1&ratings%5BPG-13%5D=1&commit=Refresh" for 173.219.167.170 at 2020-03-10 09:43:18 +0000
Processing by MoviesController#index as HTML
  Parameters: {"utf8"=>"✓", "title_sort"=>"true", "ratings"=>{"G"=>"1", "PG-13"=>"1"}, "commit"=>"Refresh"}
Redirected to https://c8e7ed02afa54470897ee4bcb6bb81b2.vfs.cloud9.us-east-2.amazonaws.com/movies?ratings%5BG%5D=1&ratings%5BPG-13%5D=1&sort=title
Completed 302 Found in 1ms (ActiveRecord: 0.0ms)


Started GET "/movies?ratings%5BG%5D=1&ratings%5BPG-13%5D=1&sort=title" for 173.219.167.170 at 2020-03-10 09:43:18 +0000
Processing by MoviesController#index as HTML
  Parameters: {"ratings"=>{"G"=>"1", "PG-13"=>"1"}, "sort"=>"title"}
  [1m[35mMovie Load (0.2ms)[0m  SELECT "movies".* FROM "movies" WHERE "movies"."rating" IN ('G', 'PG-13')  ORDER BY "movies"."title" ASC
  Rendered movies/index.html.haml within layouts/application (5.0ms)
Completed 200 OK in 17ms (Views: 15.8ms | ActiveRecord: 0.2ms)
  [1m[36mActiveRecord::SchemaMigration Load (0.1ms)[0m  [1mSELECT "schema_migrations".* FROM "schema_migrations"[0m
  [1m[35mActiveRecord::SchemaMigration Load (0.1ms)[0m  SELECT "schema_migrations".* FROM "schema_migrations"
  [1m[36m (5.4ms)[0m  [1mCREATE TABLE "movies" ("id" INTEGER PRIMARY KEY AUTOINCREMENT NOT NULL, "title" varchar, "rating" varchar, "description" text, "release_date" datetime, "created_at" datetime, "updated_at" datetime, "director" varchar) [0m
  [1m[35m (5.4ms)[0m  CREATE TABLE "schema_migrations" ("version" varchar NOT NULL) 
  [1m[36m (0.1ms)[0m  [1mselect sqlite_version(*)[0m
  [1m[35m (4.0ms)[0m  CREATE UNIQUE INDEX "unique_schema_migrations" ON "schema_migrations" ("version")
  [1m[36m (0.1ms)[0m  [1mSELECT version FROM "schema_migrations"[0m
  [1m[35m (4.0ms)[0m  INSERT INTO "schema_migrations" (version) VALUES ('20200310084856')
  [1m[36m (4.1ms)[0m  [1mINSERT INTO "schema_migrations" (version) VALUES ('20111119180638')[0m
  [1m[36mActiveRecord::SchemaMigration Load (0.1ms)[0m  [1mSELECT "schema_migrations".* FROM "schema_migrations"[0m
Migrating to AddDirectorToMovies (20200310165517)
  [1m[35m (0.0ms)[0m  begin transaction
  [1m[36m (0.1ms)[0m  [1mALTER TABLE "movies" ADD "director" varchar[0m
  [1m[35m (0.0ms)[0m  rollback transaction
  [1m[36m (5.1ms)[0m  [1mCREATE TABLE "movies" ("id" INTEGER PRIMARY KEY AUTOINCREMENT NOT NULL, "title" varchar, "rating" varchar, "description" text, "release_date" datetime, "created_at" datetime, "updated_at" datetime, "director" varchar) [0m
  [1m[35m (5.7ms)[0m  CREATE TABLE "schema_migrations" ("version" varchar NOT NULL) 
  [1m[36m (0.1ms)[0m  [1mselect sqlite_version(*)[0m
  [1m[35m (4.3ms)[0m  CREATE UNIQUE INDEX "unique_schema_migrations" ON "schema_migrations" ("version")
  [1m[36m (0.1ms)[0m  [1mSELECT version FROM "schema_migrations"[0m
  [1m[35m (4.1ms)[0m  INSERT INTO "schema_migrations" (version) VALUES ('20200310084856')
  [1m[36m (4.0ms)[0m  [1mINSERT INTO "schema_migrations" (version) VALUES ('20111119180638')[0m
  [1m[36mActiveRecord::SchemaMigration Load (0.1ms)[0m  [1mSELECT "schema_migrations".* FROM "schema_migrations"[0m
Migrating to AddDirectorToMovies (20200310165517)
  [1m[35m (0.1ms)[0m  begin transaction
  [1m[36m (0.2ms)[0m  [1mALTER TABLE "movies" ADD "director" varchar[0m
  [1m[35m (0.0ms)[0m  rollback transaction
  [1m[36m (5.9ms)[0m  [1mCREATE TABLE "movies" ("id" INTEGER PRIMARY KEY AUTOINCREMENT NOT NULL, "title" varchar, "rating" varchar, "description" text, "release_date" datetime, "created_at" datetime, "updated_at" datetime, "director" varchar) [0m
  [1m[35m (5.5ms)[0m  CREATE TABLE "schema_migrations" ("version" varchar NOT NULL) 
  [1m[36m (0.1ms)[0m  [1mselect sqlite_version(*)[0m
  [1m[35m (4.8ms)[0m  CREATE UNIQUE INDEX "unique_schema_migrations" ON "schema_migrations" ("version")
  [1m[36m (0.1ms)[0m  [1mSELECT version FROM "schema_migrations"[0m
  [1m[35m (5.6ms)[0m  INSERT INTO "schema_migrations" (version) VALUES ('20200310084856')
  [1m[36m (4.7ms)[0m  [1mINSERT INTO "schema_migrations" (version) VALUES ('20111119180638')[0m
